
*** Running vivado
    with args -log axis_dma_design_uart_axis_0_0.vds -m64 -product Vivado -mode batch -messageDb vivado.pb -notrace -source axis_dma_design_uart_axis_0_0.tcl


****** Vivado v2020.1 (64-bit)
  **** SW Build 2902540 on Wed May 27 19:54:35 MDT 2020
  **** IP Build 2902112 on Wed May 27 22:43:36 MDT 2020
    ** Copyright 1986-2020 Xilinx, Inc. All Rights Reserved.

source axis_dma_design_uart_axis_0_0.tcl -notrace
Command: synth_design -top axis_dma_design_uart_axis_0_0 -part xc7s25csga225-1 -mode out_of_context
Starting synth_design
WARNING: [IP_Flow 19-3571] IP 'axis_dma_design_uart_axis_0_0' is restricted:
* Module reference is stale and needs refreshing.
Attempting to get a license for feature 'Synthesis' and/or device 'xc7s25'
INFO: [Common 17-349] Got license for feature 'Synthesis' and/or device 'xc7s25'
INFO: [Device 21-403] Loading part xc7s25csga225-1
INFO: [Synth 8-7079] Multithreading enabled for synth_design using a maximum of 4 processes.
INFO: [Synth 8-7078] Launching helper process for spawning children vivado processes
INFO: [Synth 8-7075] Helper process launched with PID 71316
---------------------------------------------------------------------------------
Starting RTL Elaboration : Time (s): cpu = 00:00:03 ; elapsed = 00:00:04 . Memory (MB): peak = 2122.828 ; gain = 0.000 ; free physical = 2722 ; free virtual = 11667
---------------------------------------------------------------------------------
INFO: [Synth 8-6157] synthesizing module 'axis_dma_design_uart_axis_0_0' [/media/tcmichals/Working/xilinx/CMODS7-25/github/CMODS7/axi_dma_stream_microblaze/vivado/axis_dma/axis_dma.srcs/sources_1/bd/axis_dma_design/ip/axis_dma_design_uart_axis_0_0/synth/axis_dma_design_uart_axis_0_0.v:58]
INFO: [Synth 8-6157] synthesizing module 'uart_axis' [/media/tcmichals/Working/xilinx/CMODS7-25/github/CMODS7/axi_dma_stream_microblaze/vivado/ip/uart/rtl/axis_uart.v:3]
	Parameter CLKS_PER_BIT bound to: 10 - type: integer 
	Parameter PACKET_EOP bound to: 8'b01111111 
INFO: [Synth 8-6157] synthesizing module 'sync_signal' [/media/tcmichals/Working/xilinx/CMODS7-25/github/CMODS7/axi_dma_stream_microblaze/vivado/ip/uart/rtl/sync_signal.v:33]
	Parameter WIDTH bound to: 1 - type: integer 
	Parameter N bound to: 2 - type: integer 
INFO: [Synth 8-6155] done synthesizing module 'sync_signal' (1#1) [/media/tcmichals/Working/xilinx/CMODS7-25/github/CMODS7/axi_dma_stream_microblaze/vivado/ip/uart/rtl/sync_signal.v:33]
INFO: [Synth 8-6157] synthesizing module 'uart_rx' [/media/tcmichals/Working/xilinx/CMODS7-25/github/CMODS7/axi_dma_stream_microblaze/vivado/ip/uart/rtl/uart_rx.v:22]
	Parameter CLKS_PER_BIT bound to: 10 - type: integer 
	Parameter IDLE bound to: 3'b000 
	Parameter RX_START_BIT bound to: 3'b001 
	Parameter RX_DATA_BITS bound to: 3'b010 
	Parameter RX_STOP_BIT bound to: 3'b011 
	Parameter CLEANUP bound to: 3'b100 
INFO: [Synth 8-6155] done synthesizing module 'uart_rx' (2#1) [/media/tcmichals/Working/xilinx/CMODS7-25/github/CMODS7/axi_dma_stream_microblaze/vivado/ip/uart/rtl/uart_rx.v:22]
INFO: [Synth 8-6157] synthesizing module 'uart_tx' [/media/tcmichals/Working/xilinx/CMODS7-25/github/CMODS7/axi_dma_stream_microblaze/vivado/ip/uart/rtl/uart_tx.v:14]
	Parameter CLKS_PER_BIT bound to: 10 - type: integer 
	Parameter IDLE bound to: 3'b000 
	Parameter TX_START_BIT bound to: 3'b001 
	Parameter TX_DATA_BITS bound to: 3'b010 
	Parameter TX_STOP_BIT bound to: 3'b011 
	Parameter CLEANUP bound to: 3'b100 
INFO: [Synth 8-6155] done synthesizing module 'uart_tx' (3#1) [/media/tcmichals/Working/xilinx/CMODS7-25/github/CMODS7/axi_dma_stream_microblaze/vivado/ip/uart/rtl/uart_tx.v:14]
INFO: [Synth 8-6155] done synthesizing module 'uart_axis' (4#1) [/media/tcmichals/Working/xilinx/CMODS7-25/github/CMODS7/axi_dma_stream_microblaze/vivado/ip/uart/rtl/axis_uart.v:3]
INFO: [Synth 8-6155] done synthesizing module 'axis_dma_design_uart_axis_0_0' (5#1) [/media/tcmichals/Working/xilinx/CMODS7-25/github/CMODS7/axi_dma_stream_microblaze/vivado/axis_dma/axis_dma.srcs/sources_1/bd/axis_dma_design/ip/axis_dma_design_uart_axis_0_0/synth/axis_dma_design_uart_axis_0_0.v:58]
---------------------------------------------------------------------------------
Finished RTL Elaboration : Time (s): cpu = 00:00:04 ; elapsed = 00:00:05 . Memory (MB): peak = 2149.738 ; gain = 26.910 ; free physical = 2771 ; free virtual = 11697
---------------------------------------------------------------------------------
---------------------------------------------------------------------------------
Start Handling Custom Attributes
---------------------------------------------------------------------------------
---------------------------------------------------------------------------------
Finished Handling Custom Attributes : Time (s): cpu = 00:00:04 ; elapsed = 00:00:05 . Memory (MB): peak = 2167.551 ; gain = 44.723 ; free physical = 2768 ; free virtual = 11694
---------------------------------------------------------------------------------
---------------------------------------------------------------------------------
Finished RTL Optimization Phase 1 : Time (s): cpu = 00:00:04 ; elapsed = 00:00:05 . Memory (MB): peak = 2167.551 ; gain = 44.723 ; free physical = 2768 ; free virtual = 11694
---------------------------------------------------------------------------------
Netlist sorting complete. Time (s): cpu = 00:00:00 ; elapsed = 00:00:00 . Memory (MB): peak = 2167.551 ; gain = 0.000 ; free physical = 2761 ; free virtual = 11687
INFO: [Project 1-570] Preparing netlist for logic optimization

Processing XDC Constraints
Initializing timing engine
Completed Processing XDC Constraints

Netlist sorting complete. Time (s): cpu = 00:00:00 ; elapsed = 00:00:00 . Memory (MB): peak = 2332.332 ; gain = 0.000 ; free physical = 2687 ; free virtual = 11613
INFO: [Project 1-111] Unisim Transformation Summary:
No Unisim elements were transformed.

Constraint Validation Runtime : Time (s): cpu = 00:00:00.01 ; elapsed = 00:00:00.02 . Memory (MB): peak = 2332.332 ; gain = 0.000 ; free physical = 2687 ; free virtual = 11613
---------------------------------------------------------------------------------
Finished Constraint Validation : Time (s): cpu = 00:00:08 ; elapsed = 00:00:10 . Memory (MB): peak = 2332.332 ; gain = 209.504 ; free physical = 2738 ; free virtual = 11686
---------------------------------------------------------------------------------
---------------------------------------------------------------------------------
Start Loading Part and Timing Information
---------------------------------------------------------------------------------
Loading part: xc7s25csga225-1
---------------------------------------------------------------------------------
Finished Loading Part and Timing Information : Time (s): cpu = 00:00:08 ; elapsed = 00:00:10 . Memory (MB): peak = 2332.332 ; gain = 209.504 ; free physical = 2738 ; free virtual = 11686
---------------------------------------------------------------------------------
---------------------------------------------------------------------------------
Start Applying 'set_property' XDC Constraints
---------------------------------------------------------------------------------
---------------------------------------------------------------------------------
Finished applying 'set_property' XDC Constraints : Time (s): cpu = 00:00:08 ; elapsed = 00:00:10 . Memory (MB): peak = 2332.332 ; gain = 209.504 ; free physical = 2737 ; free virtual = 11684
---------------------------------------------------------------------------------
INFO: [Synth 8-802] inferred FSM for state register 'r_SM_Main_reg' in module 'uart_tx'
---------------------------------------------------------------------------------------------------
                   State |                     New Encoding |                Previous Encoding 
---------------------------------------------------------------------------------------------------
                    IDLE |                              000 |                              000
            TX_START_BIT |                              001 |                              001
            TX_DATA_BITS |                              010 |                              010
             TX_STOP_BIT |                              011 |                              011
                 CLEANUP |                              100 |                              100
---------------------------------------------------------------------------------------------------
INFO: [Synth 8-3354] encoded FSM with state register 'r_SM_Main_reg' using encoding 'sequential' in module 'uart_tx'
---------------------------------------------------------------------------------
Finished RTL Optimization Phase 2 : Time (s): cpu = 00:00:09 ; elapsed = 00:00:11 . Memory (MB): peak = 2332.332 ; gain = 209.504 ; free physical = 2700 ; free virtual = 11651
---------------------------------------------------------------------------------
---------------------------------------------------------------------------------
Start RTL Component Statistics 
---------------------------------------------------------------------------------
Detailed RTL Component Info : 
+---Adders : 
	   2 Input    4 Bit       Adders := 2     
	   2 Input    3 Bit       Adders := 2     
+---Registers : 
	                8 Bit    Registers := 2     
	                5 Bit    Registers := 1     
	                4 Bit    Registers := 1     
	                3 Bit    Registers := 3     
	                1 Bit    Registers := 6     
+---Muxes : 
	   2 Input    8 Bit        Muxes := 2     
	   6 Input    8 Bit        Muxes := 1     
	   5 Input    5 Bit        Muxes := 1     
	   6 Input    4 Bit        Muxes := 1     
	   2 Input    4 Bit        Muxes := 2     
	   6 Input    3 Bit        Muxes := 1     
	   2 Input    3 Bit        Muxes := 8     
	   5 Input    3 Bit        Muxes := 2     
	   3 Input    2 Bit        Muxes := 2     
	   6 Input    1 Bit        Muxes := 4     
	   2 Input    1 Bit        Muxes := 1     
	   5 Input    1 Bit        Muxes := 8     
---------------------------------------------------------------------------------
Finished RTL Component Statistics 
---------------------------------------------------------------------------------
---------------------------------------------------------------------------------
Start Part Resource Summary
---------------------------------------------------------------------------------
Part Resources:
DSPs: 80 (col length:40)
BRAMs: 90 (col length: RAMB18 40 RAMB36 20)
---------------------------------------------------------------------------------
Finished Part Resource Summary
---------------------------------------------------------------------------------
---------------------------------------------------------------------------------
Start Cross Boundary and Area Optimization
---------------------------------------------------------------------------------
---------------------------------------------------------------------------------
Finished Cross Boundary and Area Optimization : Time (s): cpu = 00:00:09 ; elapsed = 00:00:12 . Memory (MB): peak = 2332.332 ; gain = 209.504 ; free physical = 2613 ; free virtual = 11568
---------------------------------------------------------------------------------
---------------------------------------------------------------------------------
Start Applying XDC Timing Constraints
---------------------------------------------------------------------------------
---------------------------------------------------------------------------------
Finished Applying XDC Timing Constraints : Time (s): cpu = 00:00:14 ; elapsed = 00:00:16 . Memory (MB): peak = 2332.332 ; gain = 209.504 ; free physical = 3086 ; free virtual = 12036
---------------------------------------------------------------------------------
---------------------------------------------------------------------------------
Start Timing Optimization
---------------------------------------------------------------------------------
---------------------------------------------------------------------------------
Finished Timing Optimization : Time (s): cpu = 00:00:14 ; elapsed = 00:00:16 . Memory (MB): peak = 2332.332 ; gain = 209.504 ; free physical = 3085 ; free virtual = 12035
---------------------------------------------------------------------------------
---------------------------------------------------------------------------------
Start Technology Mapping
---------------------------------------------------------------------------------
---------------------------------------------------------------------------------
Finished Technology Mapping : Time (s): cpu = 00:00:14 ; elapsed = 00:00:16 . Memory (MB): peak = 2332.332 ; gain = 209.504 ; free physical = 3075 ; free virtual = 12025
---------------------------------------------------------------------------------
---------------------------------------------------------------------------------
Start IO Insertion
---------------------------------------------------------------------------------
---------------------------------------------------------------------------------
Start Flattening Before IO Insertion
---------------------------------------------------------------------------------
---------------------------------------------------------------------------------
Finished Flattening Before IO Insertion
---------------------------------------------------------------------------------
---------------------------------------------------------------------------------
Start Final Netlist Cleanup
---------------------------------------------------------------------------------
---------------------------------------------------------------------------------
Finished Final Netlist Cleanup
---------------------------------------------------------------------------------
---------------------------------------------------------------------------------
Finished IO Insertion : Time (s): cpu = 00:00:16 ; elapsed = 00:00:19 . Memory (MB): peak = 2332.332 ; gain = 209.504 ; free physical = 2441 ; free virtual = 11391
---------------------------------------------------------------------------------
---------------------------------------------------------------------------------
Start Renaming Generated Instances
---------------------------------------------------------------------------------
---------------------------------------------------------------------------------
Finished Renaming Generated Instances : Time (s): cpu = 00:00:16 ; elapsed = 00:00:19 . Memory (MB): peak = 2332.332 ; gain = 209.504 ; free physical = 2440 ; free virtual = 11390
---------------------------------------------------------------------------------
---------------------------------------------------------------------------------
Start Rebuilding User Hierarchy
---------------------------------------------------------------------------------
---------------------------------------------------------------------------------
Finished Rebuilding User Hierarchy : Time (s): cpu = 00:00:16 ; elapsed = 00:00:19 . Memory (MB): peak = 2332.332 ; gain = 209.504 ; free physical = 2437 ; free virtual = 11387
---------------------------------------------------------------------------------
---------------------------------------------------------------------------------
Start Renaming Generated Ports
---------------------------------------------------------------------------------
---------------------------------------------------------------------------------
Finished Renaming Generated Ports : Time (s): cpu = 00:00:16 ; elapsed = 00:00:19 . Memory (MB): peak = 2332.332 ; gain = 209.504 ; free physical = 2436 ; free virtual = 11386
---------------------------------------------------------------------------------
---------------------------------------------------------------------------------
Start Handling Custom Attributes
---------------------------------------------------------------------------------
---------------------------------------------------------------------------------
Finished Handling Custom Attributes : Time (s): cpu = 00:00:16 ; elapsed = 00:00:19 . Memory (MB): peak = 2332.332 ; gain = 209.504 ; free physical = 2433 ; free virtual = 11382
---------------------------------------------------------------------------------
---------------------------------------------------------------------------------
Start Renaming Generated Nets
---------------------------------------------------------------------------------
---------------------------------------------------------------------------------
Finished Renaming Generated Nets : Time (s): cpu = 00:00:16 ; elapsed = 00:00:19 . Memory (MB): peak = 2332.332 ; gain = 209.504 ; free physical = 2432 ; free virtual = 11381
---------------------------------------------------------------------------------
---------------------------------------------------------------------------------
Start Writing Synthesis Report
---------------------------------------------------------------------------------

Report BlackBoxes: 
+-+--------------+----------+
| |BlackBox name |Instances |
+-+--------------+----------+
+-+--------------+----------+

Report Cell Usage: 
+------+-----+------+
|      |Cell |Count |
+------+-----+------+
|1     |LUT1 |     1|
|2     |LUT2 |     8|
|3     |LUT3 |     4|
|4     |LUT4 |     8|
|5     |LUT5 |     8|
|6     |LUT6 |    31|
|7     |FDRE |    42|
+------+-----+------+
---------------------------------------------------------------------------------
Finished Writing Synthesis Report : Time (s): cpu = 00:00:16 ; elapsed = 00:00:19 . Memory (MB): peak = 2332.332 ; gain = 209.504 ; free physical = 2430 ; free virtual = 11380
---------------------------------------------------------------------------------
Synthesis finished with 0 errors, 0 critical warnings and 0 warnings.
Synthesis Optimization Runtime : Time (s): cpu = 00:00:15 ; elapsed = 00:00:18 . Memory (MB): peak = 2332.332 ; gain = 44.723 ; free physical = 2418 ; free virtual = 11367
Synthesis Optimization Complete : Time (s): cpu = 00:00:16 ; elapsed = 00:00:19 . Memory (MB): peak = 2332.332 ; gain = 209.504 ; free physical = 2417 ; free virtual = 11367
INFO: [Project 1-571] Translating synthesized netlist
Netlist sorting complete. Time (s): cpu = 00:00:00 ; elapsed = 00:00:00 . Memory (MB): peak = 2332.332 ; gain = 0.000 ; free physical = 2368 ; free virtual = 11317
INFO: [Project 1-570] Preparing netlist for logic optimization
INFO: [Opt 31-138] Pushed 0 inverter(s) to 0 load pin(s).
Netlist sorting complete. Time (s): cpu = 00:00:00 ; elapsed = 00:00:00 . Memory (MB): peak = 2332.332 ; gain = 0.000 ; free physical = 2204 ; free virtual = 11154
INFO: [Project 1-111] Unisim Transformation Summary:
No Unisim elements were transformed.

INFO: [Common 17-83] Releasing license: Synthesis
24 Infos, 1 Warnings, 0 Critical Warnings and 0 Errors encountered.
synth_design completed successfully
synth_design: Time (s): cpu = 00:00:23 ; elapsed = 00:00:23 . Memory (MB): peak = 2332.332 ; gain = 209.594 ; free physical = 2340 ; free virtual = 11289
INFO: [Common 17-1381] The checkpoint '/media/tcmichals/Working/xilinx/CMODS7-25/github/CMODS7/axi_dma_stream_microblaze/vivado/axis_dma/axis_dma.runs/axis_dma_design_uart_axis_0_0_synth_1/axis_dma_design_uart_axis_0_0.dcp' has been generated.
WARNING: [Common 17-576] 'use_project_ipc' is deprecated. This option is deprecated and no longer used.
INFO: [Coretcl 2-1174] Renamed 4 cell refs.
INFO: [Common 17-1381] The checkpoint '/media/tcmichals/Working/xilinx/CMODS7-25/github/CMODS7/axi_dma_stream_microblaze/vivado/axis_dma/axis_dma.runs/axis_dma_design_uart_axis_0_0_synth_1/axis_dma_design_uart_axis_0_0.dcp' has been generated.
INFO: [runtcl-4] Executing : report_utilization -file axis_dma_design_uart_axis_0_0_utilization_synth.rpt -pb axis_dma_design_uart_axis_0_0_utilization_synth.pb
INFO: [Common 17-206] Exiting Vivado at Wed Sep  2 10:24:58 2020...
